<?xml version="1.0" encoding="UTF-8"?>
<coverage generated="1599958473804" clover="3.2.0">
  <project timestamp="1599958473804" name="All files">
    <metrics statements="7" coveredstatements="7" conditionals="2" coveredconditionals="2" methods="4" coveredmethods="4" elements="13" coveredelements="13" complexity="0" loc="7" ncloc="7" packages="1" files="1" classes="1"/>
    <file name="Exercise2-06.vue" path="/Users/cliffordgurney/GitHub/The-Vue-Workshop/Chapter02/Exercise2.06/src/components/Exercise2-06.vue">
      <metrics statements="7" coveredstatements="7" conditionals="2" coveredconditionals="2" methods="4" coveredmethods="4"/>
      <line num="14" count="1" type="stmt"/>
      <line num="18" count="1" type="stmt"/>
      <line num="25" count="2" type="cond" truecount="2" falsecount="0"/>
      <line num="32" count="1" type="stmt"/>
      <line num="33" count="1" type="stmt"/>
      <line num="34" count="1" type="stmt"/>
      <line num="35" count="1" type="stmt"/>
    </file>
  </project>
</coverage>
