{"/Users/cliffordgurney/GitHub/The-Vue-Workshop/Chapter02/Exercise2.06/src/components/Exercise2-06.vue": {"path":"/Users/cliffordgurney/GitHub/The-Vue-Workshop/Chapter02/Exercise2.06/src/components/Exercise2-06.vue","statementMap":{"0":{"start":{"line":14,"column":0},"end":{"line":14,"column":null}},"1":{"start":{"line":18,"column":0},"end":{"line":18,"column":null}},"2":{"start":{"line":25,"column":0},"end":{"line":25,"column":null}},"3":{"start":{"line":32,"column":0},"end":{"line":32,"column":null}},"4":{"start":{"line":33,"column":0},"end":{"line":36,"column":null}},"5":{"start":{"line":34,"column":0},"end":{"line":34,"column":null}},"6":{"start":{"line":35,"column":0},"end":{"line":35,"column":null}}},"fnMap":{"0":{"name":"(anonymous_1)","decl":{"start":{"line":17,"column":0},"end":{"line":17,"column":null}},"loc":{"start":{"line":17,"column":0},"end":{"line":22,"column":null}}},"1":{"name":"(anonymous_2)","decl":{"start":{"line":24,"column":0},"end":{"line":24,"column":null}},"loc":{"start":{"line":24,"column":0},"end":{"line":28,"column":null}}},"2":{"name":"(anonymous_3)","decl":{"start":{"line":31,"column":0},"end":{"line":31,"column":null}},"loc":{"start":{"line":31,"column":0},"end":{"line":37,"column":null}}},"3":{"name":"(anonymous_4)","decl":{"start":{"line":33,"column":0},"end":{"line":33,"column":null}},"loc":{"start":{"line":33,"column":0},"end":{"line":36,"column":null}}}},"branchMap":{"0":{"loc":{"start":{"line":25,"column":0},"end":{"line":25,"column":null}},"type":"cond-expr","locations":[{"start":{"line":25,"column":0},"end":{"line":25,"column":null}},{"start":{"line":25,"column":0},"end":{"line":25,"column":null}}]}},"s":{"0":1,"1":1,"2":2,"3":1,"4":1,"5":1,"6":1},"f":{"0":1,"1":2,"2":1,"3":1},"b":{"0":[3,3]}}
}
