<?xml version="1.0" encoding="UTF-8"?>
<coverage generated="1599956014805" clover="3.2.0">
  <project timestamp="1599956014805" name="All files">
    <metrics statements="3" coveredstatements="3" conditionals="0" coveredconditionals="0" methods="3" coveredmethods="3" elements="6" coveredelements="6" complexity="0" loc="3" ncloc="3" packages="1" files="1" classes="1"/>
    <file name="Exercise2-03.vue" path="/Users/cliffordgurney/GitHub/The-Vue-Workshop/Chapter02/Exercise2.03/src/components/Exercise2-03.vue">
      <metrics statements="3" coveredstatements="3" conditionals="0" coveredconditionals="0" methods="3" coveredmethods="3"/>
      <line num="19" count="1" type="stmt"/>
      <line num="26" count="1" type="stmt"/>
      <line num="31" count="1" type="stmt"/>
    </file>
  </project>
</coverage>
