<?xml version="1.0" encoding="UTF-8"?>
<coverage generated="1599957631527" clover="3.2.0">
  <project timestamp="1599957631527" name="All files">
    <metrics statements="6" coveredstatements="6" conditionals="0" coveredconditionals="0" methods="8" coveredmethods="8" elements="14" coveredelements="14" complexity="0" loc="6" ncloc="6" packages="1" files="1" classes="1"/>
    <file name="Exercise2-05.vue" path="/Users/cliffordgurney/GitHub/The-Vue-Workshop/Chapter02/Exercise2.05/src/components/Exercise2-05.vue">
      <metrics statements="6" coveredstatements="6" conditionals="0" coveredconditionals="0" methods="8" coveredmethods="8"/>
      <line num="39" count="1" type="stmt"/>
      <line num="62" count="1" type="stmt"/>
      <line num="67" count="16" type="stmt"/>
      <line num="76" count="2" type="stmt"/>
      <line num="77" count="14" type="stmt"/>
      <line num="83" count="24" type="stmt"/>
    </file>
  </project>
</coverage>
