{"/Users/cliffordgurney/GitHub/The-Vue-Workshop/Chapter02/Exercise2.05/src/components/Exercise2-05.vue": {"path":"/Users/cliffordgurney/GitHub/The-Vue-Workshop/Chapter02/Exercise2.05/src/components/Exercise2-05.vue","statementMap":{"0":{"start":{"line":39,"column":0},"end":{"line":39,"column":null}},"1":{"start":{"line":62,"column":0},"end":{"line":62,"column":null}},"2":{"start":{"line":67,"column":0},"end":{"line":67,"column":null}},"3":{"start":{"line":76,"column":0},"end":{"line":78,"column":null}},"4":{"start":{"line":77,"column":0},"end":{"line":77,"column":null}},"5":{"start":{"line":83,"column":0},"end":{"line":83,"column":null}}},"fnMap":{"0":{"name":"(anonymous_1)","decl":{"start":{"line":38,"column":0},"end":{"line":38,"column":null}},"loc":{"start":{"line":38,"column":0},"end":{"line":60,"column":null}}},"1":{"name":"(anonymous_2)","decl":{"start":{"line":61,"column":0},"end":{"line":61,"column":null}},"loc":{"start":{"line":61,"column":0},"end":{"line":63,"column":null}}},"2":{"name":"(anonymous_3)","decl":{"start":{"line":66,"column":0},"end":{"line":66,"column":null}},"loc":{"start":{"line":66,"column":0},"end":{"line":70,"column":null}}},"3":{"name":"(anonymous_4)","decl":{"start":{"line":67,"column":0},"end":{"line":67,"column":null}},"loc":{"start":{"line":67,"column":0},"end":{"line":67,"column":null}}},"4":{"name":"(anonymous_5)","decl":{"start":{"line":75,"column":0},"end":{"line":75,"column":null}},"loc":{"start":{"line":75,"column":0},"end":{"line":79,"column":null}}},"5":{"name":"(anonymous_6)","decl":{"start":{"line":76,"column":0},"end":{"line":76,"column":null}},"loc":{"start":{"line":76,"column":0},"end":{"line":78,"column":null}}},"6":{"name":"(anonymous_7)","decl":{"start":{"line":82,"column":0},"end":{"line":82,"column":null}},"loc":{"start":{"line":82,"column":0},"end":{"line":86,"column":null}}},"7":{"name":"(anonymous_8)","decl":{"start":{"line":83,"column":0},"end":{"line":83,"column":null}},"loc":{"start":{"line":83,"column":0},"end":{"line":83,"column":null}}}},"branchMap":{},"s":{"0":1,"1":1,"2":16,"3":2,"4":14,"5":24},"f":{"0":1,"1":1,"2":2,"3":14,"4":2,"5":14,"6":3,"7":21},"b":{}}
}
