TN:
SF:/Users/cliffordgurney/GitHub/The-Vue-Workshop/Chapter02/Exercise2.05/src/components/Exercise2-05.vue
FN:38,(anonymous_1)
FN:61,(anonymous_2)
FN:66,(anonymous_3)
FN:67,(anonymous_4)
FN:75,(anonymous_5)
FN:76,(anonymous_6)
FN:82,(anonymous_7)
FN:83,(anonymous_8)
FNF:8
FNH:8
FNDA:1,(anonymous_1)
FNDA:1,(anonymous_2)
FNDA:2,(anonymous_3)
FNDA:14,(anonymous_4)
FNDA:2,(anonymous_5)
FNDA:14,(anonymous_6)
FNDA:3,(anonymous_7)
FNDA:21,(anonymous_8)
DA:39,1
DA:62,1
DA:67,16
DA:76,2
DA:77,14
DA:83,24
LF:6
LH:6
BRF:0
BRH:0
end_of_record
